<?xml version="1.0" encoding="UTF-8"?>
<!-- Generated by org.testng.reporters.JUnitXMLReporter -->
<testsuite ignored="0" hostname="CHETHAN" failures="0" tests="3" name="Test1" time="28.135" errors="0" timestamp="08 Feb 2022 04:14:17 GMT">
  <testcase classname="core.Page" name="@AfterTest afterTest" time="0.889">
    <failure type="java.lang.NoClassDefFoundError" message="com/sun/mail/util/MailLogger">
      <![CDATA[java.lang.NoClassDefFoundError: com/sun/mail/util/MailLogger
	at javax.mail.Session.initLogger(Session.java:261)
	at javax.mail.Session.<init>(Session.java:245)
	at javax.mail.Session.getDefaultInstance(Session.java:356)
	at utility.monitoringMail.sendMail(monitoringMail.java:44)
	at core.Page.afterTest(Page.java:85)
Caused by: java.lang.ClassNotFoundException: com.sun.mail.util.MailLogger
	at java.base/jdk.internal.loader.BuiltinClassLoader.loadClass(BuiltinClassLoader.java:581)
	at java.base/jdk.internal.loader.ClassLoaders$AppClassLoader.loadClass(ClassLoaders.java:178)
	at java.base/java.lang.ClassLoader.loadClass(ClassLoader.java:521)
	... 28 more
... Removed 23 stack frames]]>
    </failure>
  </testcase> <!-- @AfterTest afterTest -->
  <testcase classname="testcases.LoginTestSeeker" name="test" time="2.181"/>
  <testcase classname="testcases.LoginTestSeeker" name="test" time="2.255"/>
  <testcase classname="testcases.LoginTestSeeker" name="test" time="1.617"/>
</testsuite> <!-- Test1 -->
