<?xml version="1.0" encoding="UTF-8"?>
<!-- Generated by org.testng.reporters.JUnitXMLReporter -->
<testsuite ignored="0" hostname="CHETHAN" failures="0" tests="3" name="Test2" time="22.597" errors="0" timestamp="08 Feb 2022 04:14:39 GMT">
  <testcase classname="core.Page" name="@AfterTest afterTest" time="0.799">
    <failure type="java.lang.NoClassDefFoundError" message="com/sun/mail/util/MailLogger">
      <![CDATA[java.lang.NoClassDefFoundError: com/sun/mail/util/MailLogger
	at javax.mail.Session.initLogger(Session.java:261)
	at javax.mail.Session.<init>(Session.java:245)
	at javax.mail.Session.getDefaultInstance(Session.java:356)
	at utility.monitoringMail.sendMail(monitoringMail.java:44)
	at core.Page.afterTest(Page.java:85)
... Removed 23 stack frames]]>
    </failure>
  </testcase> <!-- @AfterTest afterTest -->
  <testcase classname="testcases.LoginTestProvider" name="test" time="2.27"/>
  <testcase classname="testcases.LoginTestProvider" name="test" time="2.546"/>
  <testcase classname="testcases.LoginTestProvider" name="test" time="2.116"/>
</testsuite> <!-- Test2 -->
