<?xml version="1.0" encoding="UTF-8"?>
<testng-results ignored="0" total="6" passed="6" failed="0" skipped="0">
  <reporter-output>
  </reporter-output>
  <suite started-at="2022-02-08T04:13:48Z" name="Suite" finished-at="2022-02-08T04:14:39Z" duration-ms="50805">
    <groups>
    </groups>
    <test started-at="2022-02-08T04:13:48Z" name="Test1" finished-at="2022-02-08T04:14:17Z" duration-ms="28135">
      <class name="testcases.LoginTestSeeker">
        <test-method is-config="true" signature="beforeTest(java.lang.String, java.lang.String)[pri:0, instance:testcases.LoginTestSeeker@6497b078]" started-at="2022-02-08T09:43:48Z" name="beforeTest" finished-at="2022-02-08T09:44:08Z" duration-ms="19302" status="PASS">
          <params>
            <param index="0">
              <value>
                <![CDATA[chrome]]>
              </value>
            </param>
            <param index="1">
              <value>
                <![CDATA[http://www.nethorizonconsultancy.com/Seeker.aspx]]>
              </value>
            </param>
          </params>
          <reporter-output>
          </reporter-output>
        </test-method> <!-- beforeTest -->
        <test-method signature="test(java.lang.String, java.lang.String)[pri:0, instance:testcases.LoginTestSeeker@6497b078]" started-at="2022-02-08T09:44:10Z" name="test" data-provider="getData" finished-at="2022-02-08T09:44:12Z" duration-ms="2181" status="PASS">
          <params>
            <param index="0">
              <value>
                <![CDATA[parag]]>
              </value>
            </param>
            <param index="1">
              <value>
                <![CDATA[saxena]]>
              </value>
            </param>
          </params>
          <reporter-output>
          </reporter-output>
        </test-method> <!-- test -->
        <test-method signature="test(java.lang.String, java.lang.String)[pri:0, instance:testcases.LoginTestSeeker@6497b078]" started-at="2022-02-08T09:44:12Z" name="test" data-provider="getData" finished-at="2022-02-08T09:44:14Z" duration-ms="2255" status="PASS">
          <params>
            <param index="0">
              <value>
                <![CDATA[amit]]>
              </value>
            </param>
            <param index="1">
              <value>
                <![CDATA[taneja]]>
              </value>
            </param>
          </params>
          <reporter-output>
          </reporter-output>
        </test-method> <!-- test -->
        <test-method signature="test(java.lang.String, java.lang.String)[pri:0, instance:testcases.LoginTestSeeker@6497b078]" started-at="2022-02-08T09:44:14Z" name="test" data-provider="getData" finished-at="2022-02-08T09:44:16Z" duration-ms="1617" status="PASS">
          <params>
            <param index="0">
              <value>
                <![CDATA[ravi]]>
              </value>
            </param>
            <param index="1">
              <value>
                <![CDATA[kumar]]>
              </value>
            </param>
          </params>
          <reporter-output>
          </reporter-output>
        </test-method> <!-- test -->
        <test-method is-config="true" signature="afterTest()[pri:0, instance:testcases.LoginTestSeeker@6497b078]" started-at="2022-02-08T09:44:16Z" name="afterTest" finished-at="2022-02-08T09:44:17Z" duration-ms="889" status="FAIL">
          <exception class="java.lang.NoClassDefFoundError">
            <message>
              <![CDATA[com/sun/mail/util/MailLogger]]>
            </message>
            <full-stacktrace>
              <![CDATA[java.lang.NoClassDefFoundError: com/sun/mail/util/MailLogger
	at javax.mail.Session.initLogger(Session.java:261)
	at javax.mail.Session.<init>(Session.java:245)
	at javax.mail.Session.getDefaultInstance(Session.java:356)
	at utility.monitoringMail.sendMail(monitoringMail.java:44)
	at core.Page.afterTest(Page.java:85)
	at java.base/jdk.internal.reflect.NativeMethodAccessorImpl.invoke0(Native Method)
	at java.base/jdk.internal.reflect.NativeMethodAccessorImpl.invoke(NativeMethodAccessorImpl.java:62)
	at java.base/jdk.internal.reflect.DelegatingMethodAccessorImpl.invoke(DelegatingMethodAccessorImpl.java:43)
	at java.base/java.lang.reflect.Method.invoke(Method.java:566)
	at org.testng.internal.MethodInvocationHelper.invokeMethod(MethodInvocationHelper.java:108)
	at org.testng.internal.Invoker.invokeConfigurationMethod(Invoker.java:523)
	at org.testng.internal.Invoker.invokeConfigurations(Invoker.java:224)
	at org.testng.internal.Invoker.invokeConfigurations(Invoker.java:146)
	at org.testng.TestRunner.afterRun(TestRunner.java:958)
	at org.testng.TestRunner.run(TestRunner.java:606)
	at org.testng.SuiteRunner.runTest(SuiteRunner.java:380)
	at org.testng.SuiteRunner.runSequentially(SuiteRunner.java:375)
	at org.testng.SuiteRunner.privateRun(SuiteRunner.java:340)
	at org.testng.SuiteRunner.run(SuiteRunner.java:289)
	at org.testng.SuiteRunnerWorker.runSuite(SuiteRunnerWorker.java:52)
	at org.testng.SuiteRunnerWorker.run(SuiteRunnerWorker.java:86)
	at org.testng.TestNG.runSuitesSequentially(TestNG.java:1301)
	at org.testng.TestNG.runSuitesLocally(TestNG.java:1226)
	at org.testng.TestNG.runSuites(TestNG.java:1144)
	at org.testng.TestNG.run(TestNG.java:1115)
	at org.testng.remote.AbstractRemoteTestNG.run(AbstractRemoteTestNG.java:132)
	at org.testng.remote.RemoteTestNG.initAndRun(RemoteTestNG.java:230)
	at org.testng.remote.RemoteTestNG.main(RemoteTestNG.java:76)
Caused by: java.lang.ClassNotFoundException: com.sun.mail.util.MailLogger
	at java.base/jdk.internal.loader.BuiltinClassLoader.loadClass(BuiltinClassLoader.java:581)
	at java.base/jdk.internal.loader.ClassLoaders$AppClassLoader.loadClass(ClassLoaders.java:178)
	at java.base/java.lang.ClassLoader.loadClass(ClassLoader.java:521)
	... 28 more
]]>
            </full-stacktrace>
          </exception> <!-- java.lang.NoClassDefFoundError -->
          <reporter-output>
          </reporter-output>
        </test-method> <!-- afterTest -->
      </class> <!-- testcases.LoginTestSeeker -->
    </test> <!-- Test1 -->
    <test started-at="2022-02-08T04:14:17Z" name="Test2" finished-at="2022-02-08T04:14:39Z" duration-ms="22597">
      <class name="testcases.LoginTestProvider">
        <test-method is-config="true" signature="beforeTest(java.lang.String, java.lang.String)[pri:0, instance:testcases.LoginTestProvider@3315d2d7]" started-at="2022-02-08T09:44:17Z" name="beforeTest" finished-at="2022-02-08T09:44:31Z" duration-ms="14737" status="PASS">
          <params>
            <param index="0">
              <value>
                <![CDATA[chrome]]>
              </value>
            </param>
            <param index="1">
              <value>
                <![CDATA[http://www.nethorizonconsultancy.com/provider.aspx]]>
              </value>
            </param>
          </params>
          <reporter-output>
          </reporter-output>
        </test-method> <!-- beforeTest -->
        <test-method signature="test(java.lang.String, java.lang.String)[pri:0, instance:testcases.LoginTestProvider@3315d2d7]" started-at="2022-02-08T09:44:31Z" name="test" data-provider="getData" finished-at="2022-02-08T09:44:34Z" duration-ms="2270" status="PASS">
          <params>
            <param index="0">
              <value>
                <![CDATA[parag]]>
              </value>
            </param>
            <param index="1">
              <value>
                <![CDATA[saxena]]>
              </value>
            </param>
          </params>
          <reporter-output>
          </reporter-output>
        </test-method> <!-- test -->
        <test-method signature="test(java.lang.String, java.lang.String)[pri:0, instance:testcases.LoginTestProvider@3315d2d7]" started-at="2022-02-08T09:44:34Z" name="test" data-provider="getData" finished-at="2022-02-08T09:44:36Z" duration-ms="2546" status="PASS">
          <params>
            <param index="0">
              <value>
                <![CDATA[amit]]>
              </value>
            </param>
            <param index="1">
              <value>
                <![CDATA[taneja]]>
              </value>
            </param>
          </params>
          <reporter-output>
          </reporter-output>
        </test-method> <!-- test -->
        <test-method signature="test(java.lang.String, java.lang.String)[pri:0, instance:testcases.LoginTestProvider@3315d2d7]" started-at="2022-02-08T09:44:36Z" name="test" data-provider="getData" finished-at="2022-02-08T09:44:38Z" duration-ms="2116" status="PASS">
          <params>
            <param index="0">
              <value>
                <![CDATA[ravi]]>
              </value>
            </param>
            <param index="1">
              <value>
                <![CDATA[kumar]]>
              </value>
            </param>
          </params>
          <reporter-output>
          </reporter-output>
        </test-method> <!-- test -->
        <test-method is-config="true" signature="afterTest()[pri:0, instance:testcases.LoginTestProvider@3315d2d7]" started-at="2022-02-08T09:44:38Z" name="afterTest" finished-at="2022-02-08T09:44:39Z" duration-ms="799" status="FAIL">
          <exception class="java.lang.NoClassDefFoundError">
            <message>
              <![CDATA[com/sun/mail/util/MailLogger]]>
            </message>
            <full-stacktrace>
              <![CDATA[java.lang.NoClassDefFoundError: com/sun/mail/util/MailLogger
	at javax.mail.Session.initLogger(Session.java:261)
	at javax.mail.Session.<init>(Session.java:245)
	at javax.mail.Session.getDefaultInstance(Session.java:356)
	at utility.monitoringMail.sendMail(monitoringMail.java:44)
	at core.Page.afterTest(Page.java:85)
	at java.base/jdk.internal.reflect.NativeMethodAccessorImpl.invoke0(Native Method)
	at java.base/jdk.internal.reflect.NativeMethodAccessorImpl.invoke(NativeMethodAccessorImpl.java:62)
	at java.base/jdk.internal.reflect.DelegatingMethodAccessorImpl.invoke(DelegatingMethodAccessorImpl.java:43)
	at java.base/java.lang.reflect.Method.invoke(Method.java:566)
	at org.testng.internal.MethodInvocationHelper.invokeMethod(MethodInvocationHelper.java:108)
	at org.testng.internal.Invoker.invokeConfigurationMethod(Invoker.java:523)
	at org.testng.internal.Invoker.invokeConfigurations(Invoker.java:224)
	at org.testng.internal.Invoker.invokeConfigurations(Invoker.java:146)
	at org.testng.TestRunner.afterRun(TestRunner.java:958)
	at org.testng.TestRunner.run(TestRunner.java:606)
	at org.testng.SuiteRunner.runTest(SuiteRunner.java:380)
	at org.testng.SuiteRunner.runSequentially(SuiteRunner.java:375)
	at org.testng.SuiteRunner.privateRun(SuiteRunner.java:340)
	at org.testng.SuiteRunner.run(SuiteRunner.java:289)
	at org.testng.SuiteRunnerWorker.runSuite(SuiteRunnerWorker.java:52)
	at org.testng.SuiteRunnerWorker.run(SuiteRunnerWorker.java:86)
	at org.testng.TestNG.runSuitesSequentially(TestNG.java:1301)
	at org.testng.TestNG.runSuitesLocally(TestNG.java:1226)
	at org.testng.TestNG.runSuites(TestNG.java:1144)
	at org.testng.TestNG.run(TestNG.java:1115)
	at org.testng.remote.AbstractRemoteTestNG.run(AbstractRemoteTestNG.java:132)
	at org.testng.remote.RemoteTestNG.initAndRun(RemoteTestNG.java:230)
	at org.testng.remote.RemoteTestNG.main(RemoteTestNG.java:76)
]]>
            </full-stacktrace>
          </exception> <!-- java.lang.NoClassDefFoundError -->
          <reporter-output>
          </reporter-output>
        </test-method> <!-- afterTest -->
      </class> <!-- testcases.LoginTestProvider -->
    </test> <!-- Test2 -->
  </suite> <!-- Suite -->
</testng-results>
